<?xml version="1.0" encoding="UTF-8"?>
<!-- Generated by org.testng.reporters.JUnitReportReporter -->
<testsuite hostname="SARAVANAN-PC" failures="0" tests="1" name="framep.TestPract" time="34.251" errors="0" timestamp="06 Mar 2021 16:31:44 GMT" skipped="0">
  <testcase classname="framep.TestPract" name="toolTip" time="34.251"/>
</testsuite> <!-- framep.TestPract -->
