<?xml version="1.0" encoding="UTF-8"?>
<!-- Generated by org.testng.reporters.JUnitReportReporter -->
<testsuite hostname="SARAVANAN-PC" failures="0" tests="1" name="others.ScreenShotTest" time="9.128" errors="0" timestamp="26 Mar 2021 13:51:54 GMT" skipped="0">
  <testcase classname="others.ScreenShotTest" name="f" time="9.128"/>
</testsuite> <!-- others.ScreenShotTest -->
