<?xml version="1.0" encoding="UTF-8"?>
<!-- Generated by org.testng.reporters.JUnitReportReporter -->
<testsuite hostname="SARAVANAN-PC" failures="0" tests="1" name="framep.BrokenLinks" time="15.921" errors="0" timestamp="08 Mar 2021 07:12:56 GMT" skipped="0">
  <testcase classname="framep.BrokenLinks" name="link" time="15.921"/>
</testsuite> <!-- framep.BrokenLinks -->
