<?xml version="1.0" encoding="UTF-8"?>
<!-- Generated by org.testng.reporters.JUnitReportReporter -->
<testsuite hostname="SARAVANAN-PC" failures="0" tests="1" name="framep.TC_2" time="55.919" errors="0" timestamp="06 Mar 2021 10:43:35 GMT" skipped="0">
  <testcase classname="framep.TC_2" name="frameHl" time="55.919"/>
</testsuite> <!-- framep.TC_2 -->
