<?xml version="1.0" encoding="UTF-8"?>
<!-- Generated by org.testng.reporters.JUnitReportReporter -->
<testsuite hostname="SARAVANAN-PC" failures="0" tests="4" name="others.DataProviderTest" time="6.643" errors="0" timestamp="26 Mar 2021 07:53:35 GMT" skipped="1">
  <testcase classname="others.DataProviderTest" name="dProvider" time="2.698"/>
  <testcase classname="others.DataProviderTest" name="dProvider" time="2.217"/>
  <testcase classname="others.DataProviderTest" name="dProvider" time="1.728"/>
  <testcase classname="others.DataProviderTest" name="paraTest">
    <skipped/>
  </testcase> <!-- paraTest -->
</testsuite> <!-- others.DataProviderTest -->
