<?xml version="1.0" encoding="UTF-8"?>
<!-- Generated by org.testng.reporters.JUnitReportReporter -->
<testsuite hostname="SARAVANAN-PC" failures="0" tests="1" name="framep.TC_001" time="79.413" errors="0" timestamp="09 Mar 2021 06:44:08 GMT" skipped="0">
  <testcase classname="framep.TC_001" name="frameHl" time="79.413"/>
</testsuite> <!-- framep.TC_001 -->
