<?xml version="1.0" encoding="UTF-8"?>
<!-- Generated by org.testng.reporters.JUnitReportReporter -->
<testsuite hostname="SARAVANAN-PC" failures="0" tests="2" name="others.ExcelData" time="1.234" errors="0" timestamp="26 Mar 2021 11:00:33 GMT" skipped="1">
  <testcase classname="others.ExcelData" name="readData" time="1.234"/>
  <testcase classname="others.ExcelData" name="writeData">
    <skipped/>
  </testcase> <!-- writeData -->
</testsuite> <!-- others.ExcelData -->
