<?xml version="1.0" encoding="UTF-8"?>
<!-- Generated by org.testng.reporters.JUnitReportReporter -->
<testsuite hostname="SARAVANAN-PC" failures="0" tests="1" name="framep.Airtel" time="7.234" errors="0" timestamp="09 Apr 2021 10:41:36 GMT" skipped="0">
  <testcase classname="framep.Airtel" name="broad" time="7.234"/>
</testsuite> <!-- framep.Airtel -->
