<?xml version="1.0" encoding="UTF-8"?>
<!-- Generated by org.testng.reporters.JUnitReportReporter -->
<testsuite hostname="SARAVANAN-PC" failures="0" tests="1" name="framep.FlightBooking" time="6.735" errors="0" timestamp="09 Mar 2021 07:32:58 GMT" skipped="0">
  <testcase classname="framep.FlightBooking" name="flightLowCost" time="6.735"/>
</testsuite> <!-- framep.FlightBooking -->
